  hello_window_clear.cpp
D:\GitProject\UnityShader\OpenGL\Main\Main\hello_window_clear.cpp(40,28): error C2065: “GLADloadproc”: 未声明的标识符
D:\GitProject\UnityShader\OpenGL\Main\Main\hello_window_clear.cpp(40,41): error C2146: 语法错误: 缺少“)”(在标识符“glfwGetProcAddress”的前面)
D:\GitProject\UnityShader\OpenGL\Main\Main\hello_window_clear.cpp(40,10): error C3861: “gladLoadGLLoader”: 找不到标识符
D:\GitProject\UnityShader\OpenGL\Main\Main\hello_window_clear.cpp(40,59): error C2059: 语法错误:“)”
D:\GitProject\UnityShader\OpenGL\Main\Main\hello_window_clear.cpp(40,60): error C2059: 语法错误:“)”
D:\GitProject\UnityShader\OpenGL\Main\Main\hello_window_clear.cpp(42,62): error C2059: 语法错误:“;”
D:\GitProject\UnityShader\OpenGL\Main\Main\hello_window_clear.cpp(48,5): error C2059: 语法错误:“while”
D:\GitProject\UnityShader\OpenGL\Main\Main\hello_window_clear.cpp(49,5): error C2143: 语法错误: 缺少“;”(在“{”的前面)
D:\GitProject\UnityShader\OpenGL\Main\Main\hello_window_clear.cpp(49,5): error C2447: “{”: 缺少函数标题(是否是老式的形式表?)
D:\GitProject\UnityShader\OpenGL\Main\Main\hello_window_clear.cpp(67,20): error C4430: 缺少类型说明符 - 假定为 int。注意: C++ 不支持默认 int
D:\GitProject\UnityShader\OpenGL\Main\Main\hello_window_clear.cpp(67,20): error C2556: “int glfwTerminate(void)”: 重载函数与“void glfwTerminate(void)”只是在返回类型上不同
D:\GitProject\UnityShader\OpenGL\Main\libs\glfw3.h(2254,14): message : 参见“glfwTerminate”的声明
D:\GitProject\UnityShader\OpenGL\Main\Main\hello_window_clear.cpp(67,5): error C2371: “glfwTerminate”: 重定义；不同的基类型
D:\GitProject\UnityShader\OpenGL\Main\libs\glfw3.h(2254,14): message : 参见“glfwTerminate”的声明
D:\GitProject\UnityShader\OpenGL\Main\Main\hello_window_clear.cpp(68,5): error C2059: 语法错误:“return”
D:\GitProject\UnityShader\OpenGL\Main\Main\hello_window_clear.cpp(69,1): error C2059: 语法错误:“}”
D:\GitProject\UnityShader\OpenGL\Main\Main\hello_window_clear.cpp(69,1): error C2143: 语法错误: 缺少“;”(在“}”的前面)
D:\GitProject\UnityShader\OpenGL\Main\Main\hello_window_clear.cpp(74,1): error C2143: 语法错误: 缺少“;”(在“{”的前面)
D:\GitProject\UnityShader\OpenGL\Main\Main\hello_window_clear.cpp(74,1): error C2447: “{”: 缺少函数标题(是否是老式的形式表?)
